
**** Build of configuration Debug for project NVM_thermometer ****

"C:\\ti\\ccs1220\\ccs\\utils\\bin\\gmake" -k -j 8 all -O 
 
Building file: "../main.c"
Invoking: MSP430 Compiler
"C:/ti/ccs1220/ccs/tools/compiler/ti-cgt-msp430_21.6.1.LTS/bin/cl430" -vmspx --use_hw_mpy=none --include_path="C:/ti/ccs1220/ccs/ccs_base/msp430/include" --include_path="C:/Users/s6112/Desktop/ccs/NVM_thermometer" --include_path="C:/ti/ccs1220/ccs/tools/compiler/ti-cgt-msp430_21.6.1.LTS/include" --advice:power=all --advice:hw_config=all --define=__MSP430FR4133__ -g --printf_support=minimal --diag_warning=225 --diag_wrap=off --display_error_number --silicon_errata=CPU21 --silicon_errata=CPU22 --silicon_errata=CPU40 --preproc_with_compile --preproc_dependency="main.d_raw"  "../main.c"
"../main.c", line 68: remark #1533-D: (ULP 6.1) Detected use of multiplication on a device that has no hardware multiplier
"../main.c", line 71: remark #1530-D: (ULP 5.1) Detected modulo operation(s). Recommend moving them to RAM during run time or not using as these are processing/power intensive
"../main.c", line 72: remark #1530-D: (ULP 5.1) Detected modulo operation(s). Recommend moving them to RAM during run time or not using as these are processing/power intensive
"../main.c", line 72: remark #1533-D: (ULP 6.1) Detected use of multiplication on a device that has no hardware multiplier
"../main.c", line 76: remark #2553-D: (ULP 14.1) Array index (involving "float_part") of type "int". Recommend using "unsigned int"
"../main.c", line 76: remark #1530-D: (ULP 5.1) Detected modulo operation(s). Recommend moving them to RAM during run time or not using as these are processing/power intensive
"../main.c", line 77: remark #1530-D: (ULP 5.1) Detected divide operation(s). Recommend moving them to RAM during run time or not using as these are processing/power intensive
"../main.c", line 78: remark #2553-D: (ULP 14.1) Array index (involving "float_part") of type "int". Recommend using "unsigned int"
"../main.c", line 79: remark #2553-D: (ULP 14.1) Array index (involving "integer_part") of type "int". Recommend using "unsigned int"
"../main.c", line 79: remark #1530-D: (ULP 5.1) Detected modulo operation(s). Recommend moving them to RAM during run time or not using as these are processing/power intensive
"../main.c", line 80: remark #1530-D: (ULP 5.1) Detected divide operation(s). Recommend moving them to RAM during run time or not using as these are processing/power intensive
"../main.c", line 81: remark #2553-D: (ULP 14.1) Array index (involving "integer_part") of type "int". Recommend using "unsigned int"
"../main.c", line 127: remark #1530-D: (ULP 5.1) Detected divide operation(s). Recommend moving them to RAM during run time or not using as these are processing/power intensive
"../main.c", line 192: remark #1544-D: (ULP 13.1) Detected loop counting up. Recommend loops count down as detecting zeros is easier
"../main.c", line 221: remark #1544-D: (ULP 13.1) Detected loop counting up. Recommend loops count down as detecting zeros is easier
"../main.c", line 272: remark #1530-D: (ULP 5.1) Detected divide operation(s). Recommend moving them to RAM during run time or not using as these are processing/power intensive
"../main.c", line 272: remark #1533-D: (ULP 6.1) Detected use of multiplication on a device that has no hardware multiplier
"../main.c", line 275: remark #1530-D: (ULP 5.1) Detected divide operation(s). Recommend moving them to RAM during run time or not using as these are processing/power intensive
"../main.c", line 275: remark #1533-D: (ULP 6.1) Detected use of multiplication on a device that has no hardware multiplier
"../main.c", line 276: remark #1538-D: (ULP 10.1) ISR ADC_ISR calls function write. Recommend moving function call away from ISR, or inlining the function, or using pragmas
"../main.c", line 277: remark #1538-D: (ULP 10.1) ISR ADC_ISR calls function print_temp. Recommend moving function call away from ISR, or inlining the function, or using pragmas
"../main.c", line 277: remark #1538-D: (ULP 10.1) ISR ADC_ISR calls function read_avg. Recommend moving function call away from ISR, or inlining the function, or using pragmas
"../main.c", line 66 (col. 6): remark #1531-D: (ULP 5.2) Detected floating point operation(s). Recommend moving them to RAM during run time or not using as these are processing/power intensive
"../main.c", line 67 (col. 12): remark #1531-D: (ULP 5.2) Detected floating point operation(s). Recommend moving them to RAM during run time or not using as these are processing/power intensive
"../main.c", line 68 (col. 13): remark #1531-D: (ULP 5.2) Detected floating point operation(s). Recommend moving them to RAM during run time or not using as these are processing/power intensive
"../main.c", line 71 (col. 24): remark #1531-D: (ULP 5.2) Detected floating point operation(s). Recommend moving them to RAM during run time or not using as these are processing/power intensive
"../main.c", line 72 (col. 22): remark #1531-D: (ULP 5.2) Detected floating point operation(s). Recommend moving them to RAM during run time or not using as these are processing/power intensive
"../main.c", line 84 (col. 6): remark #1531-D: (ULP 5.2) Detected floating point operation(s). Recommend moving them to RAM during run time or not using as these are processing/power intensive
"../main.c", line 103 (col. 10): remark #1531-D: (ULP 5.2) Detected floating point operation(s). Recommend moving them to RAM during run time or not using as these are processing/power intensive
"../main.c", line 112 (col. 7): remark #1531-D: (ULP 5.2) Detected floating point operation(s). Recommend moving them to RAM during run time or not using as these are processing/power intensive
"../main.c", line 120 (col. 17): remark #1531-D: (ULP 5.2) Detected floating point operation(s). Recommend moving them to RAM during run time or not using as these are processing/power intensive
"../main.c", line 123 (col. 13): remark #1531-D: (ULP 5.2) Detected floating point operation(s). Recommend moving them to RAM during run time or not using as these are processing/power intensive
"../main.c", line 127 (col. 26): remark #1531-D: (ULP 5.2) Detected floating point operation(s). Recommend moving them to RAM during run time or not using as these are processing/power intensive
"../main.c", line 130 (col. 28): remark #1531-D: (ULP 5.2) Detected floating point operation(s). Recommend moving them to RAM during run time or not using as these are processing/power intensive
"../main.c", line 175 (col. 20): remark #1531-D: (ULP 5.2) Detected floating point operation(s). Recommend moving them to RAM during run time or not using as these are processing/power intensive
"../main.c", line 214 (col. 7): remark #1531-D: (ULP 5.2) Detected floating point operation(s). Recommend moving them to RAM during run time or not using as these are processing/power intensive
"../main.c", line 269 (col. 10): remark #1531-D: (ULP 5.2) Detected floating point operation(s). Recommend moving them to RAM during run time or not using as these are processing/power intensive
"../main.c", line 272 (col. 13): remark #1531-D: (ULP 5.2) Detected floating point operation(s). Recommend moving them to RAM during run time or not using as these are processing/power intensive
"../main.c", line 275 (col. 13): remark #1531-D: (ULP 5.2) Detected floating point operation(s). Recommend moving them to RAM during run time or not using as these are processing/power intensive
"../main.c", line 276 (col. 10): remark #1531-D: (ULP 5.2) Detected floating point operation(s). Recommend moving them to RAM during run time or not using as these are processing/power intensive
"../main.c", line 277 (col. 15): remark #1531-D: (ULP 5.2) Detected floating point operation(s). Recommend moving them to RAM during run time or not using as these are processing/power intensive
Finished building: "../main.c"
 
Building target: "NVM_thermometer.out"
Invoking: MSP430 Linker
"C:/ti/ccs1220/ccs/tools/compiler/ti-cgt-msp430_21.6.1.LTS/bin/cl430" -vmspx --use_hw_mpy=none --advice:power=all --advice:hw_config=all --define=__MSP430FR4133__ -g --printf_support=minimal --diag_warning=225 --diag_wrap=off --display_error_number --silicon_errata=CPU21 --silicon_errata=CPU22 --silicon_errata=CPU40 -z -m"NVM_thermometer.map" --heap_size=500 --stack_size=500 --cinit_hold_wdt=on -i"C:/ti/ccs1220/ccs/ccs_base/msp430/include" -i"C:/ti/ccs1220/ccs/tools/compiler/ti-cgt-msp430_21.6.1.LTS/lib" -i"C:/ti/ccs1220/ccs/tools/compiler/ti-cgt-msp430_21.6.1.LTS/include" --reread_libs --diag_wrap=off --display_error_number --warn_sections --xml_link_info="NVM_thermometer_linkInfo.xml" --use_hw_mpy=none --rom_model -o "NVM_thermometer.out" "./main.obj" "../lnk_msp430fr4133.cmd"  -llibc.a 
<Linking>
Finished building target: "NVM_thermometer.out"
 

**** Build Finished ****
